<?xml version="1.0" encoding="UTF-8"?>
<!-- Generated by org.testng.reporters.JUnitReportReporter -->
<testsuite hostname="LWO1-DHP-F09815" name="RegistrationTest.NewTest" tests="1" failures="0" timestamp="21 May 2015 15:13:40 GMT" time="7.350" errors="0">
  <testcase name="testUINote1" time="7.350" classname="RegistrationTest.NewTest"/>
</testsuite> <!-- RegistrationTest.NewTest -->
