<?xml version="1.0" encoding="UTF-8"?>
<!-- Generated by org.testng.reporters.JUnitReportReporter -->
<testsuite hostname="LWO1-DHP-F09815" name="RegistrationTest.NewTest" tests="1" failures="0" timestamp="9 Jun 2015 16:05:56 GMT" time="4.388" errors="0">
  <testcase name="flagDetection" time="4.388" classname="RegistrationTest.NewTest"/>
</testsuite> <!-- RegistrationTest.NewTest -->
