<?xml version="1.0" encoding="UTF-8"?>
<!-- Generated by org.testng.reporters.JUnitReportReporter -->
<testsuite hostname="LWO1-DHP-F09815" name="RegistrationTest.NewTest" tests="2" failures="0" timestamp="9 Jun 2015 11:28:26 GMT" time="7.102" errors="0">
  <testcase name="testUINote1" time="1.480" classname="RegistrationTest.NewTest"/>
  <testcase name="testUILink1" time="5.622" classname="RegistrationTest.NewTest"/>
</testsuite> <!-- RegistrationTest.NewTest -->
