<?xml version="1.0" encoding="UTF-8"?>
<!-- Generated by org.testng.reporters.JUnitReportReporter -->
<testsuite hostname="LWO1-DHP-F09815" name="RegistrationTest.NewTest" tests="3" failures="0" timestamp="26 Mar 2015 13:44:00 GMT" time="7.756" errors="0">
  <testcase name="NumberInput3" time="0.984" classname="RegistrationTest.NewTest"/>
  <testcase name="NumberInput1" time="6.440" classname="RegistrationTest.NewTest"/>
  <testcase name="NumberInput2" time="0.332" classname="RegistrationTest.NewTest"/>
</testsuite> <!-- RegistrationTest.NewTest -->
